<?xml version="1.0" encoding="UTF-8"?>
<!-- Generated by org.testng.reporters.JUnitReportReporter -->
<testsuite hostname="DESKTOP-DSJVDO4" failures="0" tests="1" name="Test.CoursePage1_Test" time="3.875" errors="0" timestamp="2021-06-16T07:50:20 BST" skipped="0">
  <testcase classname="Test.CoursePage1_Test" name="CasePage1" time="3.875"/>
  <system-out/>
</testsuite> <!-- Test.CoursePage1_Test -->
