<?xml version="1.0" encoding="UTF-8"?>
<!-- Generated by org.testng.reporters.JUnitReportReporter -->
<testsuite hostname="DESKTOP-DSJVDO4" failures="0" tests="1" name="Test.TC_Page1ValidationTest" time="3.835" errors="0" timestamp="2021-06-17T11:15:38 BST" skipped="0">
  <testcase classname="Test.TC_Page1ValidationTest" name="CasePage1" time="3.835"/>
  <system-out/>
</testsuite> <!-- Test.TC_Page1ValidationTest -->
